mode: atomic
github.com/buxtronix/phev2mqtt/main.go:21.13,23.2 1 0
github.com/buxtronix/phev2mqtt/client/client.go:27.28,30.2 2 0
github.com/buxtronix/phev2mqtt/client/client.go:32.27,34.2 1 0
github.com/buxtronix/phev2mqtt/client/client.go:36.50,37.9 1 0
github.com/buxtronix/phev2mqtt/client/client.go:38.16,38.16 0 0
github.com/buxtronix/phev2mqtt/client/client.go:39.10,40.53 1 0
github.com/buxtronix/phev2mqtt/client/client.go:44.39,45.12 1 0
github.com/buxtronix/phev2mqtt/client/client.go:45.12,49.3 3 0
github.com/buxtronix/phev2mqtt/client/client.go:50.2,50.14 1 0
github.com/buxtronix/phev2mqtt/client/client.go:88.50,89.25 1 0
github.com/buxtronix/phev2mqtt/client/client.go:89.25,91.3 1 0
github.com/buxtronix/phev2mqtt/client/client.go:95.43,105.25 2 0
github.com/buxtronix/phev2mqtt/client/client.go:105.25,107.3 1 0
github.com/buxtronix/phev2mqtt/client/client.go:108.2,108.16 1 0
github.com/buxtronix/phev2mqtt/client/client.go:112.42,119.2 6 0
github.com/buxtronix/phev2mqtt/client/client.go:121.46,125.34 4 0
github.com/buxtronix/phev2mqtt/client/client.go:125.34,126.15 1 0
github.com/buxtronix/phev2mqtt/client/client.go:126.15,128.4 1 0
github.com/buxtronix/phev2mqtt/client/client.go:130.2,130.20 1 0
github.com/buxtronix/phev2mqtt/client/client.go:134.32,137.19 3 0
github.com/buxtronix/phev2mqtt/client/client.go:137.19,139.3 1 0
github.com/buxtronix/phev2mqtt/client/client.go:140.2,140.23 1 0
github.com/buxtronix/phev2mqtt/client/client.go:144.34,146.16 2 0
github.com/buxtronix/phev2mqtt/client/client.go:146.16,148.3 1 0
github.com/buxtronix/phev2mqtt/client/client.go:149.2,157.12 8 0
github.com/buxtronix/phev2mqtt/client/client.go:163.32,166.6 3 0
github.com/buxtronix/phev2mqtt/client/client.go:166.6,167.10 1 0
github.com/buxtronix/phev2mqtt/client/client.go:168.29,169.11 1 0
github.com/buxtronix/phev2mqtt/client/client.go:169.11,172.5 2 0
github.com/buxtronix/phev2mqtt/client/client.go:173.4,173.36 1 0
github.com/buxtronix/phev2mqtt/client/client.go:174.21,176.52 2 0
github.com/buxtronix/phev2mqtt/client/client.go:178.3,178.13 1 0
github.com/buxtronix/phev2mqtt/client/client.go:183.65,184.32 1 0
github.com/buxtronix/phev2mqtt/client/client.go:184.32,192.3 1 0
github.com/buxtronix/phev2mqtt/client/client.go:193.2,197.1 5 0
github.com/buxtronix/phev2mqtt/client/client.go:198.2,199.6 2 0
github.com/buxtronix/phev2mqtt/client/client.go:199.6,200.10 1 0
github.com/buxtronix/phev2mqtt/client/client.go:201.16,203.76 2 0
github.com/buxtronix/phev2mqtt/client/client.go:204.25,205.11 1 0
github.com/buxtronix/phev2mqtt/client/client.go:205.11,208.5 2 0
github.com/buxtronix/phev2mqtt/client/client.go:209.4,209.45 1 0
github.com/buxtronix/phev2mqtt/client/client.go:209.45,212.16 3 0
github.com/buxtronix/phev2mqtt/client/client.go:214.4,214.93 1 0
github.com/buxtronix/phev2mqtt/client/client.go:214.93,217.5 2 0
github.com/buxtronix/phev2mqtt/client/client.go:223.81,225.6 2 0
github.com/buxtronix/phev2mqtt/client/client.go:225.6,226.10 1 0
github.com/buxtronix/phev2mqtt/client/client.go:227.16,228.59 1 0
github.com/buxtronix/phev2mqtt/client/client.go:229.26,230.11 1 0
github.com/buxtronix/phev2mqtt/client/client.go:230.11,232.5 1 0
github.com/buxtronix/phev2mqtt/client/client.go:233.4,233.17 1 0
github.com/buxtronix/phev2mqtt/client/client.go:239.27,243.26 4 0
github.com/buxtronix/phev2mqtt/client/client.go:243.26,244.10 1 0
github.com/buxtronix/phev2mqtt/client/client.go:245.17,246.10 1 0
github.com/buxtronix/phev2mqtt/client/client.go:247.47,248.12 1 0
github.com/buxtronix/phev2mqtt/client/client.go:250.3,257.21 3 0
github.com/buxtronix/phev2mqtt/client/client.go:257.21,259.4 1 0
github.com/buxtronix/phev2mqtt/client/client.go:264.27,267.22 3 0
github.com/buxtronix/phev2mqtt/client/client.go:267.22,268.17 1 0
github.com/buxtronix/phev2mqtt/client/client.go:269.32,276.5 1 0
github.com/buxtronix/phev2mqtt/client/client.go:277.35,287.27 4 0
github.com/buxtronix/phev2mqtt/client/client.go:288.35,298.27 4 0
github.com/buxtronix/phev2mqtt/client/client.go:301.2,302.34 2 0
github.com/buxtronix/phev2mqtt/client/client.go:305.27,306.6 1 0
github.com/buxtronix/phev2mqtt/client/client.go:306.6,310.17 4 0
github.com/buxtronix/phev2mqtt/client/client.go:310.17,311.17 1 0
github.com/buxtronix/phev2mqtt/client/client.go:311.17,313.5 1 0
github.com/buxtronix/phev2mqtt/client/client.go:314.4,318.34 5 0
github.com/buxtronix/phev2mqtt/client/client.go:318.34,320.5 1 0
github.com/buxtronix/phev2mqtt/client/client.go:321.4,322.10 2 0
github.com/buxtronix/phev2mqtt/client/client.go:324.3,327.30 4 0
github.com/buxtronix/phev2mqtt/client/client.go:327.30,330.34 3 0
github.com/buxtronix/phev2mqtt/client/client.go:330.34,332.5 1 0
github.com/buxtronix/phev2mqtt/client/client.go:333.4,334.15 2 0
github.com/buxtronix/phev2mqtt/client/client.go:339.27,340.6 1 0
github.com/buxtronix/phev2mqtt/client/client.go:340.6,341.10 1 0
github.com/buxtronix/phev2mqtt/client/client.go:342.28,343.11 1 0
github.com/buxtronix/phev2mqtt/client/client.go:343.11,347.5 3 0
github.com/buxtronix/phev2mqtt/client/client.go:348.4,353.48 6 0
github.com/buxtronix/phev2mqtt/client/client.go:353.48,354.18 1 0
github.com/buxtronix/phev2mqtt/client/client.go:354.18,356.6 1 0
github.com/buxtronix/phev2mqtt/client/client.go:357.5,359.11 3 0
github.com/buxtronix/phev2mqtt/protocol/message.go:67.42,68.16 1 0
github.com/buxtronix/phev2mqtt/protocol/message.go:69.21,70.58 1 0
github.com/buxtronix/phev2mqtt/protocol/message.go:72.21,73.58 1 0
github.com/buxtronix/phev2mqtt/protocol/message.go:75.27,76.81 1 0
github.com/buxtronix/phev2mqtt/protocol/message.go:78.22,79.81 1 0
github.com/buxtronix/phev2mqtt/protocol/message.go:81.18,82.19 1 0
github.com/buxtronix/phev2mqtt/protocol/message.go:82.19,84.4 1 0
github.com/buxtronix/phev2mqtt/protocol/message.go:85.3,85.99 1 0
github.com/buxtronix/phev2mqtt/protocol/message.go:87.17,88.23 1 0
github.com/buxtronix/phev2mqtt/protocol/message.go:88.23,90.4 1 0
github.com/buxtronix/phev2mqtt/protocol/message.go:91.3,91.101 1 0
github.com/buxtronix/phev2mqtt/protocol/message.go:93.25,94.80 1 0
github.com/buxtronix/phev2mqtt/protocol/message.go:96.27,97.80 1 0
github.com/buxtronix/phev2mqtt/protocol/message.go:99.25,100.80 1 0
github.com/buxtronix/phev2mqtt/protocol/message.go:102.27,103.80 1 0
github.com/buxtronix/phev2mqtt/protocol/message.go:105.24,106.63 1 0
github.com/buxtronix/phev2mqtt/protocol/message.go:108.10,109.20 1 0
github.com/buxtronix/phev2mqtt/protocol/message.go:113.42,115.2 1 0
github.com/buxtronix/phev2mqtt/protocol/message.go:117.62,128.16 6 6
github.com/buxtronix/phev2mqtt/protocol/message.go:129.86,129.86 0 0
github.com/buxtronix/phev2mqtt/protocol/message.go:131.18,133.23 1 1
github.com/buxtronix/phev2mqtt/protocol/message.go:134.10,136.24 1 5
github.com/buxtronix/phev2mqtt/protocol/message.go:138.2,139.34 2 6
github.com/buxtronix/phev2mqtt/protocol/message.go:142.76,143.19 1 6
github.com/buxtronix/phev2mqtt/protocol/message.go:143.19,145.3 1 0
github.com/buxtronix/phev2mqtt/protocol/message.go:146.2,148.49 3 6
github.com/buxtronix/phev2mqtt/protocol/message.go:148.49,150.3 1 0
github.com/buxtronix/phev2mqtt/protocol/message.go:151.2,159.16 9 6
github.com/buxtronix/phev2mqtt/protocol/message.go:160.44,161.30 1 0
github.com/buxtronix/phev2mqtt/protocol/message.go:162.17,163.17 1 3
github.com/buxtronix/phev2mqtt/protocol/message.go:164.18,165.17 1 1
github.com/buxtronix/phev2mqtt/protocol/message.go:167.2,167.45 1 6
github.com/buxtronix/phev2mqtt/protocol/message.go:167.45,168.21 1 3
github.com/buxtronix/phev2mqtt/protocol/message.go:169.20,170.28 1 0
github.com/buxtronix/phev2mqtt/protocol/message.go:171.27,172.35 1 1
github.com/buxtronix/phev2mqtt/protocol/message.go:173.29,174.37 1 0
github.com/buxtronix/phev2mqtt/protocol/message.go:175.31,176.39 1 1
github.com/buxtronix/phev2mqtt/protocol/message.go:177.27,178.35 1 0
github.com/buxtronix/phev2mqtt/protocol/message.go:179.27,180.35 1 0
github.com/buxtronix/phev2mqtt/protocol/message.go:181.29,182.37 1 0
github.com/buxtronix/phev2mqtt/protocol/message.go:183.29,184.37 1 0
github.com/buxtronix/phev2mqtt/protocol/message.go:185.23,186.31 1 0
github.com/buxtronix/phev2mqtt/protocol/message.go:187.11,188.32 1 1
github.com/buxtronix/phev2mqtt/protocol/message.go:190.3,190.18 1 3
github.com/buxtronix/phev2mqtt/protocol/message.go:193.2,193.12 1 6
github.com/buxtronix/phev2mqtt/protocol/message.go:196.39,200.2 1 0
github.com/buxtronix/phev2mqtt/protocol/message.go:202.65,207.6 4 0
github.com/buxtronix/phev2mqtt/protocol/message.go:207.6,209.20 2 0
github.com/buxtronix/phev2mqtt/protocol/message.go:209.20,211.29 2 0
github.com/buxtronix/phev2mqtt/protocol/message.go:211.29,212.10 1 0
github.com/buxtronix/phev2mqtt/protocol/message.go:214.4,214.12 1 0
github.com/buxtronix/phev2mqtt/protocol/message.go:216.3,222.17 7 0
github.com/buxtronix/phev2mqtt/protocol/message.go:222.17,224.9 2 0
github.com/buxtronix/phev2mqtt/protocol/message.go:226.3,227.19 2 0
github.com/buxtronix/phev2mqtt/protocol/message.go:227.19,228.9 1 0
github.com/buxtronix/phev2mqtt/protocol/message.go:230.3,231.13 2 0
github.com/buxtronix/phev2mqtt/protocol/message.go:233.2,233.13 1 0
github.com/buxtronix/phev2mqtt/protocol/message.go:263.50,266.2 2 1
github.com/buxtronix/phev2mqtt/protocol/message.go:267.40,269.2 1 0
github.com/buxtronix/phev2mqtt/protocol/message.go:271.43,273.2 1 0
github.com/buxtronix/phev2mqtt/protocol/message.go:275.43,277.2 1 0
github.com/buxtronix/phev2mqtt/protocol/message.go:285.46,286.52 1 0
github.com/buxtronix/phev2mqtt/protocol/message.go:286.52,288.3 1 0
github.com/buxtronix/phev2mqtt/protocol/message.go:289.2,291.16 3 0
github.com/buxtronix/phev2mqtt/protocol/message.go:294.36,296.2 1 0
github.com/buxtronix/phev2mqtt/protocol/message.go:298.39,300.2 1 0
github.com/buxtronix/phev2mqtt/protocol/message.go:302.39,304.2 1 0
github.com/buxtronix/phev2mqtt/protocol/message.go:311.53,312.59 1 1
github.com/buxtronix/phev2mqtt/protocol/message.go:312.59,314.3 1 0
github.com/buxtronix/phev2mqtt/protocol/message.go:315.2,316.16 2 1
github.com/buxtronix/phev2mqtt/protocol/message.go:319.43,321.2 1 0
github.com/buxtronix/phev2mqtt/protocol/message.go:323.46,325.2 1 0
github.com/buxtronix/phev2mqtt/protocol/message.go:327.46,329.2 1 0
github.com/buxtronix/phev2mqtt/protocol/message.go:337.55,338.60 1 0
github.com/buxtronix/phev2mqtt/protocol/message.go:338.60,340.3 1 0
github.com/buxtronix/phev2mqtt/protocol/message.go:341.2,343.16 3 0
github.com/buxtronix/phev2mqtt/protocol/message.go:346.45,348.2 1 0
github.com/buxtronix/phev2mqtt/protocol/message.go:350.48,352.2 1 0
github.com/buxtronix/phev2mqtt/protocol/message.go:354.48,356.2 1 0
github.com/buxtronix/phev2mqtt/protocol/message.go:363.57,364.62 1 1
github.com/buxtronix/phev2mqtt/protocol/message.go:364.62,366.3 1 0
github.com/buxtronix/phev2mqtt/protocol/message.go:367.2,368.16 2 1
github.com/buxtronix/phev2mqtt/protocol/message.go:371.47,373.2 1 0
github.com/buxtronix/phev2mqtt/protocol/message.go:375.50,377.2 1 0
github.com/buxtronix/phev2mqtt/protocol/message.go:379.50,381.2 1 0
github.com/buxtronix/phev2mqtt/protocol/message.go:394.53,395.59 1 0
github.com/buxtronix/phev2mqtt/protocol/message.go:395.59,397.3 1 0
github.com/buxtronix/phev2mqtt/protocol/message.go:398.2,406.16 9 0
github.com/buxtronix/phev2mqtt/protocol/message.go:409.43,411.2 1 0
github.com/buxtronix/phev2mqtt/protocol/message.go:413.46,415.85 2 0
github.com/buxtronix/phev2mqtt/protocol/message.go:415.85,418.15 2 0
github.com/buxtronix/phev2mqtt/protocol/message.go:418.15,420.4 1 0
github.com/buxtronix/phev2mqtt/protocol/message.go:421.3,421.23 1 0
github.com/buxtronix/phev2mqtt/protocol/message.go:421.23,423.4 1 0
github.com/buxtronix/phev2mqtt/protocol/message.go:424.3,424.18 1 0
github.com/buxtronix/phev2mqtt/protocol/message.go:424.18,426.4 1 0
github.com/buxtronix/phev2mqtt/protocol/message.go:427.3,427.17 1 0
github.com/buxtronix/phev2mqtt/protocol/message.go:427.17,429.4 1 0
github.com/buxtronix/phev2mqtt/protocol/message.go:430.3,430.15 1 0
github.com/buxtronix/phev2mqtt/protocol/message.go:430.15,432.4 1 0
github.com/buxtronix/phev2mqtt/protocol/message.go:433.3,433.13 1 0
github.com/buxtronix/phev2mqtt/protocol/message.go:433.13,435.4 1 0
github.com/buxtronix/phev2mqtt/protocol/message.go:437.2,437.14 1 0
github.com/buxtronix/phev2mqtt/protocol/message.go:437.14,439.3 1 0
github.com/buxtronix/phev2mqtt/protocol/message.go:440.2,440.36 1 0
github.com/buxtronix/phev2mqtt/protocol/message.go:443.46,445.2 1 0
github.com/buxtronix/phev2mqtt/protocol/message.go:453.55,454.60 1 0
github.com/buxtronix/phev2mqtt/protocol/message.go:454.60,456.3 1 0
github.com/buxtronix/phev2mqtt/protocol/message.go:457.2,459.23 3 0
github.com/buxtronix/phev2mqtt/protocol/message.go:459.23,461.3 1 0
github.com/buxtronix/phev2mqtt/protocol/message.go:462.2,462.16 1 0
github.com/buxtronix/phev2mqtt/protocol/message.go:465.45,467.2 1 0
github.com/buxtronix/phev2mqtt/protocol/message.go:469.48,470.16 1 0
github.com/buxtronix/phev2mqtt/protocol/message.go:470.16,472.3 1 0
github.com/buxtronix/phev2mqtt/protocol/message.go:473.2,473.23 1 0
github.com/buxtronix/phev2mqtt/protocol/message.go:476.48,478.2 1 0
github.com/buxtronix/phev2mqtt/protocol/message.go:485.55,488.59 1 0
github.com/buxtronix/phev2mqtt/protocol/message.go:488.59,490.3 1 0
github.com/buxtronix/phev2mqtt/protocol/message.go:491.2,492.16 2 0
github.com/buxtronix/phev2mqtt/protocol/message.go:495.45,497.2 1 0
github.com/buxtronix/phev2mqtt/protocol/message.go:499.48,500.17 1 0
github.com/buxtronix/phev2mqtt/protocol/message.go:500.17,502.3 1 0
github.com/buxtronix/phev2mqtt/protocol/message.go:503.2,503.17 1 0
github.com/buxtronix/phev2mqtt/protocol/message.go:506.48,508.2 1 0
github.com/buxtronix/phev2mqtt/protocol/message.go:516.49,517.22 1 0
github.com/buxtronix/phev2mqtt/protocol/message.go:517.22,519.3 1 0
github.com/buxtronix/phev2mqtt/protocol/message.go:520.2,520.26 1 0
github.com/buxtronix/phev2mqtt/protocol/message.go:521.9,522.21 1 0
github.com/buxtronix/phev2mqtt/protocol/message.go:523.15,524.18 1 0
github.com/buxtronix/phev2mqtt/protocol/message.go:525.15,526.18 1 0
github.com/buxtronix/phev2mqtt/protocol/message.go:527.15,528.24 1 0
github.com/buxtronix/phev2mqtt/protocol/message.go:530.2,530.26 1 0
github.com/buxtronix/phev2mqtt/protocol/message.go:531.12,532.18 1 0
github.com/buxtronix/phev2mqtt/protocol/message.go:533.12,534.18 1 0
github.com/buxtronix/phev2mqtt/protocol/message.go:535.12,536.18 1 0
github.com/buxtronix/phev2mqtt/protocol/message.go:538.2,538.16 1 0
github.com/buxtronix/phev2mqtt/protocol/message.go:541.39,543.2 1 0
github.com/buxtronix/phev2mqtt/protocol/message.go:545.42,547.2 1 0
github.com/buxtronix/phev2mqtt/protocol/message.go:549.42,551.2 1 0
github.com/buxtronix/phev2mqtt/protocol/message.go:558.53,559.22 1 0
github.com/buxtronix/phev2mqtt/protocol/message.go:559.22,561.3 1 0
github.com/buxtronix/phev2mqtt/protocol/message.go:562.2,563.16 2 0
github.com/buxtronix/phev2mqtt/protocol/message.go:566.43,568.2 1 0
github.com/buxtronix/phev2mqtt/protocol/message.go:570.46,571.17 1 0
github.com/buxtronix/phev2mqtt/protocol/message.go:571.17,573.3 1 0
github.com/buxtronix/phev2mqtt/protocol/message.go:574.2,574.31 1 0
github.com/buxtronix/phev2mqtt/protocol/message.go:577.46,579.2 1 0
github.com/buxtronix/phev2mqtt/protocol/raw.go:22.45,23.22 1 1
github.com/buxtronix/phev2mqtt/protocol/raw.go:23.22,30.3 6 0
github.com/buxtronix/phev2mqtt/protocol/raw.go:32.2,44.37 12 1
github.com/buxtronix/phev2mqtt/protocol/raw.go:44.37,46.3 1 256
github.com/buxtronix/phev2mqtt/protocol/raw.go:48.2,49.27 2 1
github.com/buxtronix/phev2mqtt/protocol/raw.go:49.27,56.3 6 256
github.com/buxtronix/phev2mqtt/protocol/raw.go:58.2,60.60 3 1
github.com/buxtronix/phev2mqtt/protocol/raw.go:69.49,70.24 1 3
github.com/buxtronix/phev2mqtt/protocol/raw.go:70.24,73.3 2 0
github.com/buxtronix/phev2mqtt/protocol/raw.go:74.2,75.15 2 3
github.com/buxtronix/phev2mqtt/protocol/raw.go:75.15,77.3 1 3
github.com/buxtronix/phev2mqtt/protocol/raw.go:78.2,79.22 2 3
github.com/buxtronix/phev2mqtt/protocol/raw.go:88.49,89.24 1 7
github.com/buxtronix/phev2mqtt/protocol/raw.go:89.24,92.3 2 0
github.com/buxtronix/phev2mqtt/protocol/raw.go:93.2,94.15 2 7
github.com/buxtronix/phev2mqtt/protocol/raw.go:94.15,96.3 1 2
github.com/buxtronix/phev2mqtt/protocol/raw.go:97.2,98.22 2 7
github.com/buxtronix/phev2mqtt/protocol/raw.go:101.54,103.25 2 27
github.com/buxtronix/phev2mqtt/protocol/raw.go:103.25,105.3 1 241
github.com/buxtronix/phev2mqtt/protocol/raw.go:106.2,106.12 1 27
github.com/buxtronix/phev2mqtt/protocol/raw.go:109.36,113.26 3 24
github.com/buxtronix/phev2mqtt/protocol/raw.go:113.26,114.20 1 216
github.com/buxtronix/phev2mqtt/protocol/raw.go:114.20,115.9 1 24
github.com/buxtronix/phev2mqtt/protocol/raw.go:117.3,117.29 1 192
github.com/buxtronix/phev2mqtt/protocol/raw.go:119.2,119.10 1 24
github.com/buxtronix/phev2mqtt/protocol/raw.go:122.44,124.27 2 23
github.com/buxtronix/phev2mqtt/protocol/raw.go:124.27,126.3 1 5
github.com/buxtronix/phev2mqtt/protocol/raw.go:127.2,129.37 2 18
github.com/buxtronix/phev2mqtt/protocol/raw.go:134.70,135.22 1 15
github.com/buxtronix/phev2mqtt/protocol/raw.go:135.22,138.3 2 0
github.com/buxtronix/phev2mqtt/protocol/raw.go:139.2,141.28 3 15
github.com/buxtronix/phev2mqtt/protocol/raw.go:141.28,144.29 3 5
github.com/buxtronix/phev2mqtt/protocol/raw.go:144.29,147.4 2 0
github.com/buxtronix/phev2mqtt/protocol/raw.go:149.2,150.32 2 15
github.com/buxtronix/phev2mqtt/protocol/raw.go:150.32,152.3 1 1
github.com/buxtronix/phev2mqtt/protocol/raw.go:153.2,153.31 1 14
